# JRE version: Java(TM) SE Runtime Environment (10.0.2+13) (build 10.0.2+13)
# Java VM: Java HotSpot(TM) 64-Bit Server VM (10.0.2+13, mixed mode, tiered, compressed oops, g1 gc, windows-amd64)
Heap:
 garbage-first heap   total 187392K, used 37101K [0x0000000082600000, 0x0000000100000000)
  region size 1024K, 12 young (12288K), 11 survivors (11264K)
 Metaspace       used 81499K, capacity 83333K, committed 83968K, reserved 1122304K
  class space    used 10161K, capacity 10901K, committed 11008K, reserved 1048576K
GC Heap History (10 events):
Event: 3.674 GC heap before
{Heap before GC invocations=8 (full 0):
 garbage-first heap   total 155648K, used 106866K [0x0000000082600000, 0x0000000100000000)
  region size 1024K, 91 young (93184K), 8 survivors (8192K)
 Metaspace       used 41823K, capacity 42892K, committed 43136K, reserved 1087488K
  class space    used 4951K, capacity 5403K, committed 5504K, reserved 1048576K
}
Event: 3.684 GC heap after
{Heap after GC invocations=9 (full 0):
 garbage-first heap   total 155648K, used 22020K [0x0000000082600000, 0x0000000100000000)
  region size 1024K, 11 young (11264K), 11 survivors (11264K)
 Metaspace       used 41823K, capacity 42892K, committed 43136K, reserved 1087488K
  class space    used 4951K, capacity 5403K, committed 5504K, reserved 1048576K
}
Event: 3.764 GC heap before
{Heap before GC invocations=9 (full 0):
 garbage-first heap   total 155648K, used 104964K [0x0000000082600000, 0x0000000100000000)
  region size 1024K, 91 young (93184K), 11 survivors (11264K)
 Metaspace       used 42463K, capacity 43617K, committed 43904K, reserved 1087488K
  class space    used 5006K, capacity 5474K, committed 5504K, reserved 1048576K
}
Event: 3.771 GC heap after
{Heap after GC invocations=10 (full 0):
 garbage-first heap   total 155648K, used 22560K [0x0000000082600000, 0x0000000100000000)
  region size 1024K, 7 young (7168K), 7 survivors (7168K)
 Metaspace       used 42463K, capacity 43617K, committed 43904K, reserved 1087488K
  class space    used 5006K, capacity 5474K, committed 5504K, reserved 1048576K
}
Event: 4.822 GC heap before
{Heap before GC invocations=10 (full 0):
 garbage-first heap   total 155648K, used 109600K [0x0000000082600000, 0x0000000100000000)
  region size 1024K, 91 young (93184K), 7 survivors (7168K)
 Metaspace       used 53756K, capacity 55016K, committed 55552K, reserved 1097728K
  class space    used 6543K, capacity 7056K, committed 7168K, reserved 1048576K
}
Event: 4.830 GC heap after
{Heap after GC invocations=11 (full 0):
 garbage-first heap   total 187392K, used 27041K [0x0000000082600000, 0x0000000100000000)
  region size 1024K, 11 young (11264K), 11 survivors (11264K)
 Metaspace       used 53756K, capacity 55016K, committed 55552K, reserved 1097728K
  class space    used 6543K, capacity 7056K, committed 7168K, reserved 1048576K
}
Event: 5.197 GC heap before
{Heap before GC invocations=11 (full 0):
 garbage-first heap   total 187392K, used 60833K [0x0000000082600000, 0x0000000100000000)
  region size 1024K, 45 young (46080K), 11 survivors (11264K)
 Metaspace       used 58629K, capacity 59855K, committed 60160K, reserved 1101824K
  class space    used 7237K, capacity 7752K, committed 7808K, reserved 1048576K
}
Event: 5.206 GC heap after
{Heap after GC invocations=12 (full 0):
 garbage-first heap   total 187392K, used 28553K [0x0000000082600000, 0x0000000100000000)
  region size 1024K, 7 young (7168K), 7 survivors (7168K)
 Metaspace       used 58629K, capacity 59855K, committed 60160K, reserved 1101824K
  class space    used 7237K, capacity 7752K, committed 7808K, reserved 1048576K
}
Event: 6.738 GC heap before
{Heap before GC invocations=13 (full 0):
 garbage-first heap   total 187392K, used 130953K [0x0000000082600000, 0x0000000100000000)
  region size 1024K, 107 young (109568K), 7 survivors (7168K)
 Metaspace       used 68405K, capacity 70008K, committed 70400K, reserved 1110016K
  class space    used 8550K, capacity 9183K, committed 9216K, reserved 1048576K
}
Event: 6.747 GC heap after
{Heap after GC invocations=14 (full 0):
 garbage-first heap   total 187392K, used 31869K [0x0000000082600000, 0x0000000100000000)
  region size 1024K, 11 young (11264K), 11 survivors (11264K)
 Metaspace       used 68405K, capacity 70008K, committed 70400K, reserved 1110016K
  class space    used 8550K, capacity 9183K, committed 9216K, reserved 1048576K
}

