# JRE version: Java(TM) SE Runtime Environment (10.0.2+13) (build 10.0.2+13)
# Java VM: Java HotSpot(TM) 64-Bit Server VM (10.0.2+13, mixed mode, tiered, compressed oops, g1 gc, windows-amd64)
Heap:
 garbage-first heap   total 187392K, used 72090K [0x0000000082600000, 0x0000000100000000)
  region size 1024K, 44 young (45056K), 12 survivors (12288K)
 Metaspace       used 83725K, capacity 85571K, committed 86228K, reserved 1124352K
  class space    used 10175K, capacity 10947K, committed 10964K, reserved 1048576K
GC Heap History (10 events):
Event: 7.478 GC heap before
{Heap before GC invocations=10 (full 0):
 garbage-first heap   total 155648K, used 105889K [0x0000000082600000, 0x0000000100000000)
  region size 1024K, 90 young (92160K), 9 survivors (9216K)
 Metaspace       used 40451K, capacity 41565K, committed 41856K, reserved 1085440K
  class space    used 4501K, capacity 4934K, committed 4992K, reserved 1048576K
}
Event: 7.487 GC heap after
{Heap after GC invocations=11 (full 0):
 garbage-first heap   total 187392K, used 22647K [0x0000000082600000, 0x0000000100000000)
  region size 1024K, 7 young (7168K), 7 survivors (7168K)
 Metaspace       used 40451K, capacity 41565K, committed 41856K, reserved 1085440K
  class space    used 4501K, capacity 4934K, committed 4992K, reserved 1048576K
}
Event: 15.578 GC heap before
{Heap before GC invocations=11 (full 0):
 garbage-first heap   total 187392K, used 127095K [0x0000000082600000, 0x0000000100000000)
  region size 1024K, 109 young (111616K), 7 survivors (7168K)
 Metaspace       used 58433K, capacity 59706K, committed 60288K, reserved 1101824K
  class space    used 6996K, capacity 7499K, committed 7552K, reserved 1048576K
}
Event: 15.587 GC heap after
{Heap after GC invocations=12 (full 0):
 garbage-first heap   total 187392K, used 28025K [0x0000000082600000, 0x0000000100000000)
  region size 1024K, 13 young (13312K), 13 survivors (13312K)
 Metaspace       used 58433K, capacity 59706K, committed 60288K, reserved 1101824K
  class space    used 6996K, capacity 7499K, committed 7552K, reserved 1048576K
}
Event: 15.604 GC heap before
{Heap before GC invocations=12 (full 0):
 garbage-first heap   total 187392K, used 29049K [0x0000000082600000, 0x0000000100000000)
  region size 1024K, 15 young (15360K), 13 survivors (13312K)
 Metaspace       used 58576K, capacity 59807K, committed 60288K, reserved 1101824K
  class space    used 7015K, capacity 7512K, committed 7552K, reserved 1048576K
}
Event: 15.613 GC heap after
{Heap after GC invocations=13 (full 0):
 garbage-first heap   total 187392K, used 28243K [0x0000000082600000, 0x0000000100000000)
  region size 1024K, 8 young (8192K), 8 survivors (8192K)
 Metaspace       used 58576K, capacity 59807K, committed 60288K, reserved 1101824K
  class space    used 7015K, capacity 7512K, committed 7552K, reserved 1048576K
}
Event: 17.794 GC heap before
{Heap before GC invocations=14 (full 0):
 garbage-first heap   total 187392K, used 131667K [0x0000000082600000, 0x0000000100000000)
  region size 1024K, 109 young (111616K), 8 survivors (8192K)
 Metaspace       used 69427K, capacity 71031K, committed 71636K, reserved 1112064K
  class space    used 8440K, capacity 9097K, committed 9172K, reserved 1048576K
}
Event: 17.807 GC heap after
{Heap after GC invocations=15 (full 0):
 garbage-first heap   total 187392K, used 35265K [0x0000000082600000, 0x0000000100000000)
  region size 1024K, 14 young (14336K), 14 survivors (14336K)
 Metaspace       used 69427K, capacity 71031K, committed 71636K, reserved 1112064K
  class space    used 8440K, capacity 9097K, committed 9172K, reserved 1048576K
}
Event: 94.301 GC heap before
{Heap before GC invocations=15 (full 0):
 garbage-first heap   total 187392K, used 136641K [0x0000000082600000, 0x0000000100000000)
  region size 1024K, 109 young (111616K), 14 survivors (14336K)
 Metaspace       used 78569K, capacity 80410K, committed 81108K, reserved 1120256K
  class space    used 9606K, capacity 10367K, committed 10452K, reserved 1048576K
}
Event: 94.314 GC heap after
{Heap after GC invocations=16 (full 0):
 garbage-first heap   total 187392K, used 40346K [0x0000000082600000, 0x0000000100000000)
  region size 1024K, 12 young (12288K), 12 survivors (12288K)
 Metaspace       used 78569K, capacity 80410K, committed 81108K, reserved 1120256K
  class space    used 9606K, capacity 10367K, committed 10452K, reserved 1048576K
}

