# JRE version: Java(TM) SE Runtime Environment (10.0.2+13) (build 10.0.2+13)
# Java VM: Java HotSpot(TM) 64-Bit Server VM (10.0.2+13, mixed mode, tiered, compressed oops, g1 gc, windows-amd64)
Heap:
 garbage-first heap   total 155648K, used 65264K [0x0000000082600000, 0x0000000100000000)
  region size 1024K, 48 young (49152K), 9 survivors (9216K)
 Metaspace       used 57619K, capacity 58818K, committed 59392K, reserved 1101824K
  class space    used 6883K, capacity 7367K, committed 7424K, reserved 1048576K
GC Heap History (10 events):
Event: 3.708 GC heap before
{Heap before GC invocations=5 (full 0):
 garbage-first heap   total 129024K, used 84912K [0x0000000082600000, 0x0000000100000000)
  region size 1024K, 75 young (76800K), 5 survivors (5120K)
 Metaspace       used 29680K, capacity 30367K, committed 30720K, reserved 1077248K
  class space    used 3241K, capacity 3502K, committed 3584K, reserved 1048576K
}
Event: 3.715 GC heap after
{Heap after GC invocations=6 (full 0):
 garbage-first heap   total 129024K, used 14782K [0x0000000082600000, 0x0000000100000000)
  region size 1024K, 6 young (6144K), 6 survivors (6144K)
 Metaspace       used 29680K, capacity 30367K, committed 30720K, reserved 1077248K
  class space    used 3241K, capacity 3502K, committed 3584K, reserved 1048576K
}
Event: 4.626 GC heap before
{Heap before GC invocations=6 (full 0):
 garbage-first heap   total 129024K, used 60862K [0x0000000082600000, 0x0000000100000000)
  region size 1024K, 52 young (53248K), 6 survivors (6144K)
 Metaspace       used 34762K, capacity 35728K, committed 35920K, reserved 1081344K
  class space    used 3906K, capacity 4268K, committed 4352K, reserved 1048576K
}
Event: 4.634 GC heap after
{Heap after GC invocations=7 (full 0):
 garbage-first heap   total 129024K, used 17810K [0x0000000082600000, 0x0000000100000000)
  region size 1024K, 7 young (7168K), 7 survivors (7168K)
 Metaspace       used 34762K, capacity 35728K, committed 35920K, reserved 1081344K
  class space    used 3906K, capacity 4268K, committed 4352K, reserved 1048576K
}
Event: 4.819 GC heap before
{Heap before GC invocations=8 (full 0):
 garbage-first heap   total 129024K, used 91538K [0x0000000082600000, 0x0000000100000000)
  region size 1024K, 75 young (76800K), 7 survivors (7168K)
 Metaspace       used 37318K, capacity 38315K, committed 38656K, reserved 1083392K
  class space    used 4147K, capacity 4533K, committed 4608K, reserved 1048576K
}
Event: 4.827 GC heap after
{Heap after GC invocations=9 (full 0):
 garbage-first heap   total 155648K, used 22605K [0x0000000082600000, 0x0000000100000000)
  region size 1024K, 10 young (10240K), 10 survivors (10240K)
 Metaspace       used 37318K, capacity 38315K, committed 38656K, reserved 1083392K
  class space    used 4147K, capacity 4533K, committed 4608K, reserved 1048576K
}
Event: 5.147 GC heap before
{Heap before GC invocations=9 (full 0):
 garbage-first heap   total 155648K, used 105549K [0x0000000082600000, 0x0000000100000000)
  region size 1024K, 88 young (90112K), 10 survivors (10240K)
 Metaspace       used 38763K, capacity 39772K, committed 40064K, reserved 1085440K
  class space    used 4300K, capacity 4676K, committed 4736K, reserved 1048576K
}
Event: 5.153 GC heap after
{Heap after GC invocations=10 (full 0):
 garbage-first heap   total 155648K, used 21922K [0x0000000082600000, 0x0000000100000000)
  region size 1024K, 5 young (5120K), 5 survivors (5120K)
 Metaspace       used 38763K, capacity 39772K, committed 40064K, reserved 1085440K
  class space    used 4300K, capacity 4676K, committed 4736K, reserved 1048576K
}
Event: 6.729 GC heap before
{Heap before GC invocations=10 (full 0):
 garbage-first heap   total 155648K, used 104866K [0x0000000082600000, 0x0000000100000000)
  region size 1024K, 86 young (88064K), 5 survivors (5120K)
 Metaspace       used 51943K, capacity 53096K, committed 53632K, reserved 1095680K
  class space    used 6046K, capacity 6511K, committed 6528K, reserved 1048576K
}
Event: 6.741 GC heap after
{Heap after GC invocations=11 (full 0):
 garbage-first heap   total 155648K, used 26352K [0x0000000082600000, 0x0000000100000000)
  region size 1024K, 9 young (9216K), 9 survivors (9216K)
 Metaspace       used 51943K, capacity 53096K, committed 53632K, reserved 1095680K
  class space    used 6046K, capacity 6511K, committed 6528K, reserved 1048576K
}

