# JRE version: Java(TM) SE Runtime Environment (10.0.2+13) (build 10.0.2+13)
# Java VM: Java HotSpot(TM) 64-Bit Server VM (10.0.2+13, mixed mode, tiered, compressed oops, g1 gc, windows-amd64)
Heap:
 garbage-first heap   total 187392K, used 33687K [0x0000000082600000, 0x0000000100000000)
  region size 1024K, 17 young (17408K), 10 survivors (10240K)
 Metaspace       used 55613K, capacity 56798K, committed 57600K, reserved 1099776K
  class space    used 6618K, capacity 7099K, committed 7168K, reserved 1048576K
GC Heap History (10 events):
Event: 2.609 GC heap before
{Heap before GC invocations=5 (full 0):
 garbage-first heap   total 129024K, used 84557K [0x0000000082600000, 0x0000000100000000)
  region size 1024K, 75 young (76800K), 5 survivors (5120K)
 Metaspace       used 29796K, capacity 30487K, committed 30720K, reserved 1077248K
  class space    used 3260K, capacity 3544K, committed 3584K, reserved 1048576K
}
Event: 2.614 GC heap after
{Heap after GC invocations=6 (full 0):
 garbage-first heap   total 155648K, used 14583K [0x0000000082600000, 0x0000000100000000)
  region size 1024K, 6 young (6144K), 6 survivors (6144K)
 Metaspace       used 29796K, capacity 30487K, committed 30720K, reserved 1077248K
  class space    used 3260K, capacity 3544K, committed 3584K, reserved 1048576K
}
Event: 3.535 GC heap before
{Heap before GC invocations=6 (full 0):
 garbage-first heap   total 155648K, used 58615K [0x0000000082600000, 0x0000000100000000)
  region size 1024K, 50 young (51200K), 6 survivors (6144K)
 Metaspace       used 34663K, capacity 35599K, committed 35920K, reserved 1081344K
  class space    used 3894K, capacity 4268K, committed 4352K, reserved 1048576K
}
Event: 3.543 GC heap after
{Heap after GC invocations=7 (full 0):
 garbage-first heap   total 155648K, used 17383K [0x0000000082600000, 0x0000000100000000)
  region size 1024K, 9 young (9216K), 9 survivors (9216K)
 Metaspace       used 34663K, capacity 35599K, committed 35920K, reserved 1081344K
  class space    used 3894K, capacity 4268K, committed 4352K, reserved 1048576K
}
Event: 3.801 GC heap before
{Heap before GC invocations=8 (full 0):
 garbage-first heap   total 155648K, used 104423K [0x0000000082600000, 0x0000000100000000)
  region size 1024K, 89 young (91136K), 9 survivors (9216K)
 Metaspace       used 37355K, capacity 38390K, committed 38912K, reserved 1083392K
  class space    used 4149K, capacity 4535K, committed 4608K, reserved 1048576K
}
Event: 3.810 GC heap after
{Heap after GC invocations=9 (full 0):
 garbage-first heap   total 155648K, used 20896K [0x0000000082600000, 0x0000000100000000)
  region size 1024K, 9 young (9216K), 9 survivors (9216K)
 Metaspace       used 37355K, capacity 38390K, committed 38912K, reserved 1083392K
  class space    used 4149K, capacity 4535K, committed 4608K, reserved 1048576K
}
Event: 4.245 GC heap before
{Heap before GC invocations=9 (full 0):
 garbage-first heap   total 155648K, used 106912K [0x0000000082600000, 0x0000000100000000)
  region size 1024K, 91 young (93184K), 9 survivors (9216K)
 Metaspace       used 40413K, capacity 41546K, committed 41856K, reserved 1085440K
  class space    used 4505K, capacity 4968K, committed 4992K, reserved 1048576K
}
Event: 4.253 GC heap after
{Heap after GC invocations=10 (full 0):
 garbage-first heap   total 155648K, used 22467K [0x0000000082600000, 0x0000000100000000)
  region size 1024K, 8 young (8192K), 8 survivors (8192K)
 Metaspace       used 40413K, capacity 41546K, committed 41856K, reserved 1085440K
  class space    used 4505K, capacity 4968K, committed 4992K, reserved 1048576K
}
Event: 5.320 GC heap before
{Heap before GC invocations=10 (full 0):
 garbage-first heap   total 155648K, used 107459K [0x0000000082600000, 0x0000000100000000)
  region size 1024K, 91 young (93184K), 8 survivors (8192K)
 Metaspace       used 54659K, capacity 55782K, committed 56448K, reserved 1099776K
  class space    used 6483K, capacity 6935K, committed 7040K, reserved 1048576K
}
Event: 5.330 GC heap after
{Heap after GC invocations=11 (full 0):
 garbage-first heap   total 187392K, used 27543K [0x0000000082600000, 0x0000000100000000)
  region size 1024K, 10 young (10240K), 10 survivors (10240K)
 Metaspace       used 54659K, capacity 55782K, committed 56448K, reserved 1099776K
  class space    used 6483K, capacity 6935K, committed 7040K, reserved 1048576K
}

