# JRE version: Java(TM) SE Runtime Environment (10.0.2+13) (build 10.0.2+13)
# Java VM: Java HotSpot(TM) 64-Bit Server VM (10.0.2+13, mixed mode, tiered, compressed oops, g1 gc, windows-amd64)
Heap:
 garbage-first heap   total 126976K, used 66643K [0x0000000082600000, 0x0000000100000000)
  region size 1024K, 31 young (31744K), 0 survivors (0K)
 Metaspace       used 83295K, capacity 85336K, committed 86012K, reserved 1124352K
  class space    used 9956K, capacity 10689K, committed 10748K, reserved 1048576K
GC Heap History (10 events):
Event: 1069.670 GC heap before
{Heap before GC invocations=18 (full 0):
 garbage-first heap   total 129024K, used 91624K [0x0000000082600000, 0x0000000100000000)
  region size 1024K, 56 young (57344K), 2 survivors (2048K)
 Metaspace       used 82093K, capacity 83973K, committed 84604K, reserved 1124352K
  class space    used 9913K, capacity 10617K, committed 10620K, reserved 1048576K
}
Event: 1069.728 GC heap after
{Heap after GC invocations=19 (full 1):
 garbage-first heap   total 126976K, used 33514K [0x0000000082600000, 0x0000000100000000)
  region size 1024K, 0 young (0K), 0 survivors (0K)
 Metaspace       used 82093K, capacity 83973K, committed 84604K, reserved 1124352K
  class space    used 9913K, capacity 10617K, committed 10620K, reserved 1048576K
}
Event: 1070.914 GC heap before
{Heap before GC invocations=19 (full 1):
 garbage-first heap   total 126976K, used 90858K [0x0000000082600000, 0x0000000100000000)
  region size 1024K, 56 young (57344K), 0 survivors (0K)
 Metaspace       used 82342K, capacity 84243K, committed 84988K, reserved 1124352K
  class space    used 9924K, capacity 10631K, committed 10748K, reserved 1048576K
}
Event: 1070.917 GC heap after
{Heap after GC invocations=20 (full 1):
 garbage-first heap   total 126976K, used 36654K [0x0000000082600000, 0x0000000100000000)
  region size 1024K, 4 young (4096K), 4 survivors (4096K)
 Metaspace       used 82342K, capacity 84243K, committed 84988K, reserved 1124352K
  class space    used 9924K, capacity 10631K, committed 10748K, reserved 1048576K
}
Event: 1070.998 GC heap before
{Heap before GC invocations=20 (full 1):
 garbage-first heap   total 126976K, used 93998K [0x0000000082600000, 0x0000000100000000)
  region size 1024K, 59 young (60416K), 4 survivors (4096K)
 Metaspace       used 82363K, capacity 84307K, committed 84988K, reserved 1124352K
  class space    used 9924K, capacity 10631K, committed 10748K, reserved 1048576K
}
Event: 1071.000 GC heap after
{Heap after GC invocations=21 (full 1):
 garbage-first heap   total 126976K, used 36586K [0x0000000082600000, 0x0000000100000000)
  region size 1024K, 3 young (3072K), 3 survivors (3072K)
 Metaspace       used 82363K, capacity 84307K, committed 84988K, reserved 1124352K
  class space    used 9924K, capacity 10631K, committed 10748K, reserved 1048576K
}
Event: 1072.125 GC heap before
{Heap before GC invocations=21 (full 1):
 garbage-first heap   total 126976K, used 94954K [0x0000000082600000, 0x0000000100000000)
  region size 1024K, 60 young (61440K), 3 survivors (3072K)
 Metaspace       used 83136K, capacity 85166K, committed 85756K, reserved 1124352K
  class space    used 9952K, capacity 10682K, committed 10748K, reserved 1048576K
}
Event: 1072.130 GC heap after
{Heap after GC invocations=22 (full 1):
 garbage-first heap   total 126976K, used 39635K [0x0000000082600000, 0x0000000100000000)
  region size 1024K, 6 young (6144K), 6 survivors (6144K)
 Metaspace       used 83136K, capacity 85166K, committed 85756K, reserved 1124352K
  class space    used 9952K, capacity 10682K, committed 10748K, reserved 1048576K
}
Event: 1227.052 GC heap before
{Heap before GC invocations=22 (full 1):
 garbage-first heap   total 126976K, used 54995K [0x0000000082600000, 0x0000000100000000)
  region size 1024K, 22 young (22528K), 6 survivors (6144K)
 Metaspace       used 83233K, capacity 85241K, committed 86012K, reserved 1124352K
  class space    used 9953K, capacity 10685K, committed 10748K, reserved 1048576K
}
Event: 1227.102 GC heap after
{Heap after GC invocations=23 (full 2):
 garbage-first heap   total 126976K, used 35923K [0x0000000082600000, 0x0000000100000000)
  region size 1024K, 0 young (0K), 0 survivors (0K)
 Metaspace       used 83233K, capacity 85241K, committed 86012K, reserved 1124352K
  class space    used 9953K, capacity 10685K, committed 10748K, reserved 1048576K
}

